Build started 2014/4/1 22:48:38.
     1>Project "C:\Users\Administrator\Desktop\2014 SPRING\CSE564-Visualization\GaussCurvature_Sample\GaussCurvature\RiemannMapper\RiemannMapper.vcxproj" on node 2 (build target(s)).
     1>InitializeBuildStatus:
         Touching "Release\RiemannMapper.unsuccessfulbuild".
       ClCompile:
         D:\Visual Studio\VC\bin\CL.exe /c /I..\..\MeshLib\core /I..\..\MeshLib\algorithm /I..\.. /Zi /nologo /W3 /WX- /Od /Oi /Oy- /GL /D WIN32 /D NDEBUG /D _CONSOLE /D _UNICODE /D UNICODE /Gm- /EHsc /MD /GS /Gy /fp:precise /Zc:wchar_t /Zc:forScope /Fo"Release\\" /Fd"Release\vc100.pdb" /Gd /TP /analyze- /errorReport:prompt ..\main.cpp
         main.cpp
       Link:
         D:\Visual Studio\VC\bin\link.exe /ERRORREPORT:PROMPT /OUT:"..\..\SolutionBinary\bin\GaussCurvature.exe" /INCREMENTAL:NO /NOLOGO /LIBPATH:..\..\umf\lib kernel32.lib user32.lib gdi32.lib winspool.lib comdlg32.lib advapi32.lib shell32.lib ole32.lib oleaut32.lib uuid.lib odbc32.lib odbccp32.lib /MANIFEST /ManifestFile:"Release\GaussCurvature.exe.intermediate.manifest" /MANIFESTUAC:"level='asInvoker' uiAccess='false'" /DEBUG /PDB:"C:\Users\Administrator\Desktop\2014 SPRING\CSE564-Visualization\GaussCurvature_Sample\SolutionBinary\bin\GaussCurvature.pdb" /SUBSYSTEM:CONSOLE /OPT:REF /OPT:ICF /LTCG /TLBID:1 /DYNAMICBASE /NXCOMPAT /IMPLIB:"..\..\SolutionBinary\bin\GaussCurvature.lib" /MACHINE:X86 Release\main.obj
         Generating code
         Finished generating code
         RiemannMapper.vcxproj -> C:\Users\Administrator\Desktop\2014 SPRING\CSE564-Visualization\GaussCurvature_Sample\GaussCurvature\RiemannMapper\..\..\SolutionBinary\bin\GaussCurvature.exe
       Manifest:
         C:\Program Files\Microsoft SDKs\Windows\v7.0A\bin\mt.exe /nologo /verbose /outputresource:"..\..\SolutionBinary\bin\GaussCurvature.exe;#1" /manifest Release\GaussCurvature.exe.intermediate.manifest
       FinalizeBuildStatus:
         Deleting file "Release\RiemannMapper.unsuccessfulbuild".
         Touching "Release\RiemannMapper.lastbuildstate".
     1>Done Building Project "C:\Users\Administrator\Desktop\2014 SPRING\CSE564-Visualization\GaussCurvature_Sample\GaussCurvature\RiemannMapper\RiemannMapper.vcxproj" (build target(s)).

Build succeeded.

Time Elapsed 00:00:03.55
